<?xml version="1.0" encoding="UTF-8"?>
<!-- Generated by org.testng.reporters.JUnitReportReporter -->
<testsuite hostname="LAPTOP-DOBLN3AU" failures="0" tests="1" name="com.qa.wiki.Tests.SearchPageTestnew" time="8.069" errors="0" timestamp="09 Nov 2021 02:47:16 GMT" skipped="0">
  <testcase classname="com.qa.wiki.Tests.SearchPageTestnew" name="searchPageTest" time="8.069"/>
</testsuite> <!-- com.qa.wiki.Tests.SearchPageTestnew -->
