<?xml version="1.0" encoding="UTF-8"?>
<!-- Generated by org.testng.reporters.JUnitReportReporter -->
<testsuite hostname="LAPTOP-DOBLN3AU" failures="0" tests="2" name="com.qa.wiki.Tests.LoginPageTest" time="1.808" errors="0" timestamp="09 Nov 2021 02:39:04 GMT" skipped="0">
  <testcase classname="com.qa.wiki.Tests.LoginPageTest" name="enteruserDetailsTest" time="0.370"/>
  <testcase classname="com.qa.wiki.Tests.LoginPageTest" name="helpLinkTest" time="1.438"/>
</testsuite> <!-- com.qa.wiki.Tests.LoginPageTest -->
