<?xml version="1.0" encoding="UTF-8"?>
<!-- Generated by org.testng.reporters.JUnitReportReporter -->
<testsuite hostname="LAPTOP-DOBLN3AU" failures="0" tests="2" name="com.qa.wiki.Tests.MainPageTest" time="2.542" errors="0" timestamp="09 Nov 2021 02:27:44 GMT" skipped="0">
  <testcase classname="com.qa.wiki.Tests.MainPageTest" name="enClickText" time="0.877"/>
  <testcase classname="com.qa.wiki.Tests.MainPageTest" name="loginlinkTest" time="1.665"/>
</testsuite> <!-- com.qa.wiki.Tests.MainPageTest -->
