<?xml version="1.0" encoding="UTF-8"?>
<!-- Generated by org.testng.reporters.JUnitReportReporter -->
<testsuite hostname="LAPTOP-DOBLN3AU" failures="0" tests="1" name="com.qa.wiki.Tests.HomePageTest" time="4.532" errors="0" timestamp="09 Nov 2021 01:33:21 GMT" skipped="0">
  <testcase classname="com.qa.wiki.Tests.HomePageTest" name="searchInputTest" time="4.532"/>
</testsuite> <!-- com.qa.wiki.Tests.HomePageTest -->
